<?xml version="1.0" encoding="UTF-8"?>
<!-- Generated by org.testng.reporters.JUnitXMLReporter -->
<testsuite ignored="1" hostname="DESKTOP-9HU6DH7" failures="0" tests="32" name="DemoTest" time="95.356" errors="0" timestamp="2023-01-08T23:30:50 IST">
  <testcase classname="testNGDemo.Demo5" name="@BeforeTest setUp" time="20.678">
    <failure type="org.openqa.selenium.WebDriverException" message="Timed out waiting for driver server to start.
Build info: version: &amp;apos;3.141.59&amp;apos;, revision: &amp;apos;e82be7d358&amp;apos;, time: &amp;apos;2018-11-14T08:17:03&amp;apos;
System info: host: &amp;apos;DESKTOP-9HU6DH7&amp;apos;, ip: &amp;apos;192.168.0.4&amp;apos;, os.name: &amp;apos;Windows 10&amp;apos;, os.arch: &amp;apos;amd64&amp;apos;, os.version: &amp;apos;10.0&amp;apos;, java.version: &amp;apos;17.0.5&amp;apos;
Driver info: driver.version: ChromeDriver">
      <![CDATA[org.openqa.selenium.WebDriverException: Timed out waiting for driver server to start.
Build info: version: '3.141.59', revision: 'e82be7d358', time: '2018-11-14T08:17:03'
System info: host: 'DESKTOP-9HU6DH7', ip: '192.168.0.4', os.name: 'Windows 10', os.arch: 'amd64', os.version: '10.0', java.version: '17.0.5'
Driver info: driver.version: ChromeDriver
at org.openqa.selenium.remote.service.DriverService.waitUntilAvailable(DriverService.java:202)
at org.openqa.selenium.remote.service.DriverService.start(DriverService.java:188)
at org.openqa.selenium.remote.service.DriverCommandExecutor.execute(DriverCommandExecutor.java:79)
at org.openqa.selenium.remote.RemoteWebDriver.execute(RemoteWebDriver.java:552)
at org.openqa.selenium.remote.RemoteWebDriver.startSession(RemoteWebDriver.java:213)
at org.openqa.selenium.remote.RemoteWebDriver.<init>(RemoteWebDriver.java:131)
at org.openqa.selenium.chrome.ChromeDriver.<init>(ChromeDriver.java:181)
at org.openqa.selenium.chrome.ChromeDriver.<init>(ChromeDriver.java:168)
at org.openqa.selenium.chrome.ChromeDriver.<init>(ChromeDriver.java:123)
at testNGDemo.Demo5.setUp(Demo5.java:26)
Caused by: org.openqa.selenium.net.UrlChecker$TimeoutException: Timed out waiting for [http://localhost:26786/status] to be available after 20010 ms
at org.openqa.selenium.net.UrlChecker.waitUntilAvailable(UrlChecker.java:100)
at org.openqa.selenium.remote.service.DriverService.waitUntilAvailable(DriverService.java:197)
... 33 more
Caused by: java.util.concurrent.TimeoutException
at java.base/java.util.concurrent.FutureTask.get(FutureTask.java:204)
at com.google.common.util.concurrent.SimpleTimeLimiter.callWithTimeout(SimpleTimeLimiter.java:156)
at org.openqa.selenium.net.UrlChecker.waitUntilAvailable(UrlChecker.java:75)
... 34 more
... Removed 24 stack frames]]>
    </failure>
  </testcase> <!-- @BeforeTest setUp -->
  <testcase classname="testNGDemo.Demo1" name="@BeforeClass getsite" time="-1.673200849864E9">
    <skipped/>
  </testcase> <!-- @BeforeClass getsite -->
  <testcase classname="testNGDemo.Demo1" name="@AfterClass exit" time="-1.673200849948E9">
    <skipped/>
  </testcase> <!-- @AfterClass exit -->
  <testcase classname="testNGDemo.Demo2" name="@BeforeClass beforeClass" time="-1.67320084995E9">
    <skipped/>
  </testcase> <!-- @BeforeClass beforeClass -->
  <testcase classname="testNGDemo.Demo2" name="@BeforeMethod beforeMethod" time="-1.673200849958E9">
    <skipped/>
  </testcase> <!-- @BeforeMethod beforeMethod -->
  <testcase classname="testNGDemo.Demo2" name="@AfterMethod afterMethod" time="-1.673200849966E9">
    <skipped/>
  </testcase> <!-- @AfterMethod afterMethod -->
  <testcase classname="testNGDemo.Demo2" name="@AfterClass afterClass" time="-1.673200849968E9">
    <skipped/>
  </testcase> <!-- @AfterClass afterClass -->
  <testcase classname="testNGDemo.Demo3" name="@BeforeMethod setup" time="-1.673200849972E9">
    <skipped/>
  </testcase> <!-- @BeforeMethod setup -->
  <testcase classname="testNGDemo.Demo3" name="@AfterMethod exit" time="-1.673200849993E9">
    <skipped/>
  </testcase> <!-- @AfterMethod exit -->
  <testcase classname="testNGDemo.Demo3" name="@BeforeMethod setup" time="-1.673200849996E9">
    <skipped/>
  </testcase> <!-- @BeforeMethod setup -->
  <testcase classname="testNGDemo.Demo3" name="@AfterMethod exit" time="-1.673200850003E9">
    <skipped/>
  </testcase> <!-- @AfterMethod exit -->
  <testcase classname="testNGDemo.Demo4" name="@AfterClass exit" time="-1.673200850054E9">
    <skipped/>
  </testcase> <!-- @AfterClass exit -->
  <testcase classname="testNGDemo.Demo2" name="@AfterTest afterTest" time="-1.673200850248E9">
    <skipped/>
  </testcase> <!-- @AfterTest afterTest -->
  <testcase classname="testNGDemo.Demo5" name="@AfterTest exit" time="-1.673200850249E9">
    <skipped/>
  </testcase> <!-- @AfterTest exit -->
  <testcase classname="testNGDemo.Demo1" name="loginAcc" time="0.0">
    <skipped/>
  </testcase> <!-- loginAcc -->
  <testcase classname="testNGDemo.Demo1" name="home" time="0.001">
    <skipped/>
  </testcase> <!-- home -->
  <testcase classname="testNGDemo.Demo2" name="Testcases" time="0.0">
    <skipped/>
  </testcase> <!-- Testcases -->
  <testcase classname="testNGDemo.Demo3" name="login" time="0.0">
    <skipped/>
  </testcase> <!-- login -->
  <testcase classname="testNGDemo.Demo3" name="homePage" time="0.0">
    <skipped/>
  </testcase> <!-- homePage -->
  <testcase classname="testNGDemo.Demo4" name="homePage" time="0.0">
    <skipped/>
  </testcase> <!-- homePage -->
  <testcase classname="testNGDemo.Demo4" name="loginPage" time="0.0">
    <skipped/>
  </testcase> <!-- loginPage -->
  <testcase classname="testNGDemo.Demo4" name="leaveFeature" time="0.0">
    <skipped/>
  </testcase> <!-- leaveFeature -->
  <testcase classname="testNGDemo.Demo4" name="leaveFeature" time="0.0">
    <skipped/>
  </testcase> <!-- leaveFeature -->
  <testcase classname="testNGDemo.Demo4" name="leavePage" time="0.0">
    <skipped/>
  </testcase> <!-- leavePage -->
  <testcase classname="testNGDemo.AssertClass" name="hardAssert" time="0.0">
    <skipped/>
  </testcase> <!-- hardAssert -->
  <testcase classname="testNGDemo.AssertClass" name="softAsser" time="0.0">
    <skipped/>
  </testcase> <!-- softAsser -->
  <testcase classname="testNGDemo.Demo5" name="SoftAssertiontest" time="0.0">
    <skipped/>
  </testcase> <!-- SoftAssertiontest -->
  <testcase classname="testNGDemo.Demo5" name="home" time="0.0">
    <skipped/>
  </testcase> <!-- home -->
  <testcase classname="testNGDemo.Demo5" name="newCar" time="0.0">
    <skipped/>
  </testcase> <!-- newCar -->
  <testcase classname="testNGDemo.Demo5" name="calculator" time="0.0">
    <skipped/>
  </testcase> <!-- calculator -->
  <testcase classname="testNGDemo.demo6" name="Launch" time="0.0">
    <skipped/>
  </testcase> <!-- Launch -->
  <testcase classname="testNGDemo.demo6" name="LoginPage" time="0.0">
    <skipped/>
  </testcase> <!-- LoginPage -->
  <testcase classname="testNGDemo.demo6" name="LoginPage" time="0.0">
    <skipped/>
  </testcase> <!-- LoginPage -->
  <testcase classname="testNGDemo.demo6" name="pimPage" time="0.0">
    <skipped/>
  </testcase> <!-- pimPage -->
  <testcase classname="testNGDemo.Demo7" name="userName" time="0.0">
    <skipped/>
  </testcase> <!-- userName -->
  <testcase classname="testNGDemo.Demo7" name="userName" time="0.0">
    <skipped/>
  </testcase> <!-- userName -->
  <testcase classname="testNGDemo.Demo7" name="userName" time="0.0">
    <skipped/>
  </testcase> <!-- userName -->
  <testcase classname="testNGDemo.Demo7" name="passWord" time="0.0">
    <skipped/>
  </testcase> <!-- passWord -->
  <testcase classname="testNGDemo.Demo7" name="passWord" time="0.0">
    <skipped/>
  </testcase> <!-- passWord -->
  <testcase classname="testNGDemo.Demo7" name="passWord" time="0.0">
    <skipped/>
  </testcase> <!-- passWord -->
  <testcase classname="testNGDemo.Demo7" name="designation" time="0.001">
    <skipped/>
  </testcase> <!-- designation -->
  <testcase classname="testNGDemo.Demo7" name="designation" time="0.0">
    <skipped/>
  </testcase> <!-- designation -->
  <testcase classname="testNGDemo.Demo7" name="designation" time="0.0">
    <skipped/>
  </testcase> <!-- designation -->
  <testcase classname="testNGDemo.Demo7" name="empID" time="0.0">
    <skipped/>
  </testcase> <!-- empID -->
  <testcase classname="testNGDemo.Demo7" name="empID" time="0.0">
    <skipped/>
  </testcase> <!-- empID -->
  <testcase classname="testNGDemo.Demo7" name="empID" time="0.0">
    <skipped/>
  </testcase> <!-- empID -->
  <testcase classname="testNGDemo.demo6" name="AdminPage" time="0.0">
    <ignored/>
  </testcase> <!-- AdminPage -->
</testsuite> <!-- DemoTest -->
