<?xml version="1.0" encoding="UTF-8"?>
<!-- Generated by org.testng.reporters.JUnitXMLReporter -->
<testsuite ignored="3" hostname="DESKTOP-9HU6DH7" failures="0" tests="1" name="Test" time="0.088" errors="0" timestamp="2023-01-23T17:26:20 IST">
  <testcase classname="Demo.group" name="m1" time="0.011"/>
  <testcase classname="Demo.group" name="m3" time="0.0">
    <ignored/>
  </testcase> <!-- m3 -->
  <testcase classname="Demo.group" name="m2" time="0.0">
    <ignored/>
  </testcase> <!-- m2 -->
  <testcase classname="Demo.group" name="m4" time="0.0">
    <ignored/>
  </testcase> <!-- m4 -->
</testsuite> <!-- Test -->
