<?xml version="1.0" encoding="UTF-8"?>
<!-- Generated by org.testng.reporters.JUnitXMLReporter -->
<testsuite ignored="0" hostname="DESKTOP-9HU6DH7" failures="0" tests="4" name="TestDemo4" time="111.929" errors="0" timestamp="2022-12-26T12:30:36 IST">
  <testcase classname="testNGDemo.Demo4" name="homePage" time="21.99"/>
  <testcase classname="testNGDemo.Demo4" name="loginPage" time="5.07"/>
  <testcase classname="testNGDemo.Demo4" name="leaveFeature" time="1.615"/>
  <testcase classname="testNGDemo.Demo4" name="leavePage" time="0.656"/>
</testsuite> <!-- TestDemo4 -->
