<?xml version="1.0" encoding="UTF-8"?>
<testng-results ignored="0" total="1" passed="1" failed="0" skipped="0">
  <reporter-output>
  </reporter-output>
  <suite started-at="2023-03-10T00:03:24 IST" name="Default suite" finished-at="2023-03-10T00:06:01 IST" duration-ms="157638">
    <groups>
    </groups>
    <test started-at="2023-03-10T00:03:24 IST" name="Default test" finished-at="2023-03-10T00:06:01 IST" duration-ms="157638">
      <class name="BookMyshow.Bookmyshow_Test">
        <test-method is-config="true" signature="Setup()[pri:0, instance:BookMyshow.Bookmyshow_Test@67c33749]" started-at="2023-03-10T00:03:24 IST" name="Setup" finished-at="2023-03-10T00:03:50 IST" duration-ms="26819" status="PASS">
          <reporter-output>
          </reporter-output>
        </test-method> <!-- Setup -->
        <test-method signature="Open()[pri:0, instance:BookMyshow.Bookmyshow_Test@67c33749]" started-at="2023-03-10T00:03:50 IST" name="Open" finished-at="2023-03-10T00:05:39 IST" duration-ms="108984" status="PASS">
          <reporter-output>
          </reporter-output>
        </test-method> <!-- Open -->
        <test-method is-config="true" signature="tearDown()[pri:0, instance:BookMyshow.Bookmyshow_Test@67c33749]" started-at="2023-03-10T00:05:40 IST" name="tearDown" finished-at="2023-03-10T00:06:01 IST" duration-ms="20881" status="PASS">
          <reporter-output>
          </reporter-output>
        </test-method> <!-- tearDown -->
      </class> <!-- BookMyshow.Bookmyshow_Test -->
    </test> <!-- Default test -->
  </suite> <!-- Default suite -->
</testng-results>
